# JRE version: OpenJDK Runtime Environment (7.0_79-b14) (build 1.7.0_79-b14)
# Java VM: OpenJDK 64-Bit Server VM (24.79-b02 mixed mode linux-amd64 compressed oops)
Heap
 PSYoungGen      total 266752K, used 247465K [0x00000000eaa80000, 0x00000000fb980000, 0x0000000100000000)
  eden space 257536K, 92% used [0x00000000eaa80000,0x00000000f9417bc0,0x00000000fa600000)
  from space 9216K, 89% used [0x00000000faf80000,0x00000000fb792a08,0x00000000fb880000)
  to   space 9728K, 0% used [0x00000000fa600000,0x00000000fa600000,0x00000000faf80000)
 ParOldGen       total 83968K, used 11209K [0x00000000c0000000, 0x00000000c5200000, 0x00000000eaa80000)
  object space 83968K, 13% used [0x00000000c0000000,0x00000000c0af27f8,0x00000000c5200000)
 PSPermGen       total 38912K, used 38670K [0x00000000b0000000, 0x00000000b2600000, 0x00000000c0000000)
  object space 38912K, 99% used [0x00000000b0000000,0x00000000b25c3ae8,0x00000000b2600000)
GC Heap History (10 events):
Event: 2.841 GC heap before
{Heap before GC invocations=4 (full 0):
 PSYoungGen      total 37376K, used 37358K [0x00000000eaa80000, 0x00000000ef380000, 0x0000000100000000)
  eden space 32256K, 100% used [0x00000000eaa80000,0x00000000eca00000,0x00000000eca00000)
  from space 5120K, 99% used [0x00000000eca00000,0x00000000ecefbac8,0x00000000ecf00000)
  to   space 5120K, 0% used [0x00000000eee80000,0x00000000eee80000,0x00000000ef380000)
 ParOldGen       total 83968K, used 2483K [0x00000000c0000000, 0x00000000c5200000, 0x00000000eaa80000)
  object space 83968K, 2% used [0x00000000c0000000,0x00000000c026ce58,0x00000000c5200000)
 PSPermGen       total 21504K, used 20316K [0x00000000b0000000, 0x00000000b1500000, 0x00000000c0000000)
  object space 21504K, 94% used [0x00000000b0000000,0x00000000b13d71c8,0x00000000b1500000)
Event: 2.855 GC heap after
Heap after GC invocations=4 (full 0):
 PSYoungGen      total 69632K, used 5104K [0x00000000eaa80000, 0x00000000ef380000, 0x0000000100000000)
  eden space 64512K, 0% used [0x00000000eaa80000,0x00000000eaa80000,0x00000000ee980000)
  from space 5120K, 99% used [0x00000000eee80000,0x00000000ef37c318,0x00000000ef380000)
  to   space 5120K, 0% used [0x00000000ee980000,0x00000000ee980000,0x00000000eee80000)
 ParOldGen       total 83968K, used 5080K [0x00000000c0000000, 0x00000000c5200000, 0x00000000eaa80000)
  object space 83968K, 6% used [0x00000000c0000000,0x00000000c04f6060,0x00000000c5200000)
 PSPermGen       total 21504K, used 20316K [0x00000000b0000000, 0x00000000b1500000, 0x00000000c0000000)
  object space 21504K, 94% used [0x00000000b0000000,0x00000000b13d71c8,0x00000000b1500000)
}
Event: 3.444 GC heap before
{Heap before GC invocations=5 (full 0):
 PSYoungGen      total 69632K, used 69616K [0x00000000eaa80000, 0x00000000ef380000, 0x0000000100000000)
  eden space 64512K, 100% used [0x00000000eaa80000,0x00000000ee980000,0x00000000ee980000)
  from space 5120K, 99% used [0x00000000eee80000,0x00000000ef37c318,0x00000000ef380000)
  to   space 5120K, 0% used [0x00000000ee980000,0x00000000ee980000,0x00000000eee80000)
 ParOldGen       total 83968K, used 5080K [0x00000000c0000000, 0x00000000c5200000, 0x00000000eaa80000)
  object space 83968K, 6% used [0x00000000c0000000,0x00000000c04f6060,0x00000000c5200000)
 PSPermGen       total 22016K, used 21852K [0x00000000b0000000, 0x00000000b1580000, 0x00000000c0000000)
  object space 22016K, 99% used [0x00000000b0000000,0x00000000b15571a0,0x00000000b1580000)
Event: 3.458 GC heap after
Heap after GC invocations=5 (full 0):
 PSYoungGen      total 69632K, used 5108K [0x00000000eaa80000, 0x00000000f3a80000, 0x0000000100000000)
  eden space 64512K, 0% used [0x00000000eaa80000,0x00000000eaa80000,0x00000000ee980000)
  from space 5120K, 99% used [0x00000000ee980000,0x00000000eee7d050,0x00000000eee80000)
  to   space 9216K, 0% used [0x00000000f3180000,0x00000000f3180000,0x00000000f3a80000)
 ParOldGen       total 83968K, used 6790K [0x00000000c0000000, 0x00000000c5200000, 0x00000000eaa80000)
  object space 83968K, 8% used [0x00000000c0000000,0x00000000c06a1998,0x00000000c5200000)
 PSPermGen       total 22016K, used 21852K [0x00000000b0000000, 0x00000000b1580000, 0x00000000c0000000)
  object space 22016K, 99% used [0x00000000b0000000,0x00000000b15571a0,0x00000000b1580000)
}
Event: 3.793 GC heap before
{Heap before GC invocations=6 (full 0):
 PSYoungGen      total 69632K, used 69620K [0x00000000eaa80000, 0x00000000f3a80000, 0x0000000100000000)
  eden space 64512K, 100% used [0x00000000eaa80000,0x00000000ee980000,0x00000000ee980000)
  from space 5120K, 99% used [0x00000000ee980000,0x00000000eee7d050,0x00000000eee80000)
  to   space 9216K, 0% used [0x00000000f3180000,0x00000000f3180000,0x00000000f3a80000)
 ParOldGen       total 83968K, used 6790K [0x00000000c0000000, 0x00000000c5200000, 0x00000000eaa80000)
  object space 83968K, 8% used [0x00000000c0000000,0x00000000c06a1998,0x00000000c5200000)
 PSPermGen       total 22016K, used 21865K [0x00000000b0000000, 0x00000000b1580000, 0x00000000c0000000)
  object space 22016K, 99% used [0x00000000b0000000,0x00000000b155a490,0x00000000b1580000)
Event: 3.805 GC heap after
Heap after GC invocations=6 (full 0):
 PSYoungGen      total 138240K, used 5424K [0x00000000eaa80000, 0x00000000f3a80000, 0x0000000100000000)
  eden space 129024K, 0% used [0x00000000eaa80000,0x00000000eaa80000,0x00000000f2880000)
  from space 9216K, 58% used [0x00000000f3180000,0x00000000f36cc070,0x00000000f3a80000)
  to   space 9216K, 0% used [0x00000000f2880000,0x00000000f2880000,0x00000000f3180000)
 ParOldGen       total 83968K, used 6798K [0x00000000c0000000, 0x00000000c5200000, 0x00000000eaa80000)
  object space 83968K, 8% used [0x00000000c0000000,0x00000000c06a3998,0x00000000c5200000)
 PSPermGen       total 22016K, used 21865K [0x00000000b0000000, 0x00000000b1580000, 0x00000000c0000000)
  object space 22016K, 99% used [0x00000000b0000000,0x00000000b155a490,0x00000000b1580000)
}
Event: 4.363 GC heap before
{Heap before GC invocations=7 (full 0):
 PSYoungGen      total 138240K, used 134448K [0x00000000eaa80000, 0x00000000f3a80000, 0x0000000100000000)
  eden space 129024K, 100% used [0x00000000eaa80000,0x00000000f2880000,0x00000000f2880000)
  from space 9216K, 58% used [0x00000000f3180000,0x00000000f36cc070,0x00000000f3a80000)
  to   space 9216K, 0% used [0x00000000f2880000,0x00000000f2880000,0x00000000f3180000)
 ParOldGen       total 83968K, used 6798K [0x00000000c0000000, 0x00000000c5200000, 0x00000000eaa80000)
  object space 83968K, 8% used [0x00000000c0000000,0x00000000c06a3998,0x00000000c5200000)
 PSPermGen       total 22016K, used 21893K [0x00000000b0000000, 0x00000000b1580000, 0x00000000c0000000)
  object space 22016K, 99% used [0x00000000b0000000,0x00000000b15617f8,0x00000000b1580000)
Event: 4.375 GC heap after
Heap after GC invocations=7 (full 0):
 PSYoungGen      total 138240K, used 4240K [0x00000000eaa80000, 0x00000000fb880000, 0x0000000100000000)
  eden space 129024K, 0% used [0x00000000eaa80000,0x00000000eaa80000,0x00000000f2880000)
  from space 9216K, 46% used [0x00000000f2880000,0x00000000f2ca4010,0x00000000f3180000)
  to   space 9216K, 0% used [0x00000000faf80000,0x00000000faf80000,0x00000000fb880000)
 ParOldGen       total 83968K, used 8572K [0x00000000c0000000, 0x00000000c5200000, 0x00000000eaa80000)
  object space 83968K, 10% used [0x00000000c0000000,0x00000000c085f000,0x00000000c5200000)
 PSPermGen       total 22016K, used 21893K [0x00000000b0000000, 0x00000000b1580000, 0x00000000c0000000)
  object space 22016K, 99% used [0x00000000b0000000,0x00000000b15617f8,0x00000000b1580000)
}
Event: 5.371 GC heap before
{Heap before GC invocations=8 (full 0):
 PSYoungGen      total 138240K, used 133264K [0x00000000eaa80000, 0x00000000fb880000, 0x0000000100000000)
  eden space 129024K, 100% used [0x00000000eaa80000,0x00000000f2880000,0x00000000f2880000)
  from space 9216K, 46% used [0x00000000f2880000,0x00000000f2ca4010,0x00000000f3180000)
  to   space 9216K, 0% used [0x00000000faf80000,0x00000000faf80000,0x00000000fb880000)
 ParOldGen       total 83968K, used 8572K [0x00000000c0000000, 0x00000000c5200000, 0x00000000eaa80000)
  object space 83968K, 10% used [0x00000000c0000000,0x00000000c085f000,0x00000000c5200000)
 PSPermGen       total 25088K, used 24637K [0x00000000b0000000, 0x00000000b1880000, 0x00000000c0000000)
  object space 25088K, 98% used [0x00000000b0000000,0x00000000b180f498,0x00000000b1880000)
Event: 5.385 GC heap after
Heap after GC invocations=8 (full 0):
 PSYoungGen      total 266752K, used 8266K [0x00000000eaa80000, 0x00000000fb980000, 0x0000000100000000)
  eden space 257536K, 0% used [0x00000000eaa80000,0x00000000eaa80000,0x00000000fa600000)
  from space 9216K, 89% used [0x00000000faf80000,0x00000000fb792a08,0x00000000fb880000)
  to   space 9728K, 0% used [0x00000000fa600000,0x00000000fa600000,0x00000000faf80000)
 ParOldGen       total 83968K, used 11209K [0x00000000c0000000, 0x00000000c5200000, 0x00000000eaa80000)
  object space 83968K, 13% used [0x00000000c0000000,0x00000000c0af27f8,0x00000000c5200000)
 PSPermGen       total 25088K, used 24637K [0x00000000b0000000, 0x00000000b1880000, 0x00000000c0000000)
  object space 25088K, 98% used [0x00000000b0000000,0x00000000b180f498,0x00000000b1880000)
}

